This file contains any messages produced by compilers while
running configure, to aid debugging if configure makes a mistake.

It was created by configure, which was
generated by GNU Autoconf 2.65.  Invocation command line was

  $ auto/configure --enable-pythoninterp --enable-cscope --with-features=huge --prefix=/home/alex/ --srcdir=. --cache-file=auto/config.cache

## --------- ##
## Platform. ##
## --------- ##

hostname = netdiag
uname -m = i686
uname -r = 3.2.0-23-generic-pae
uname -s = Linux
uname -v = #36-Ubuntu SMP Tue Apr 10 22:19:09 UTC 2012

/usr/bin/uname -p = unknown
/bin/uname -X     = unknown

/bin/arch              = unknown
/usr/bin/arch -k       = unknown
/usr/convex/getsysinfo = unknown
/usr/bin/hostinfo      = unknown
/bin/machine           = unknown
/usr/bin/oslevel       = unknown
/bin/universe          = unknown

PATH: /usr/local/sbin
PATH: /usr/local/bin
PATH: /usr/sbin
PATH: /usr/bin
PATH: /sbin
PATH: /bin
PATH: /usr/games


## ----------- ##
## Core tests. ##
## ----------- ##

configure:2478: loading cache auto/config.cache
configure:2564: checking whether make sets $(MAKE)
configure:2590: result: no
configure:2644: checking for gcc
configure:2671: result: gcc
configure:2900: checking for C compiler version
configure:2909: gcc --version >&5
gcc (Ubuntu/Linaro 4.6.3-1ubuntu5) 4.6.3
Copyright (C) 2011 Free Software Foundation, Inc.
This is free software; see the source for copying conditions.  There is NO
warranty; not even for MERCHANTABILITY or FITNESS FOR A PARTICULAR PURPOSE.

configure:2920: $? = 0
configure:2909: gcc -v >&5
Using built-in specs.
COLLECT_GCC=gcc
COLLECT_LTO_WRAPPER=/usr/lib/gcc/i686-linux-gnu/4.6/lto-wrapper
Target: i686-linux-gnu
Configured with: ../src/configure -v --with-pkgversion='Ubuntu/Linaro 4.6.3-1ubuntu5' --with-bugurl=file:///usr/share/doc/gcc-4.6/README.Bugs --enable-languages=c,c++,fortran,objc,obj-c++ --prefix=/usr --program-suffix=-4.6 --enable-shared --enable-linker-build-id --with-system-zlib --libexecdir=/usr/lib --without-included-gettext --enable-threads=posix --with-gxx-include-dir=/usr/include/c++/4.6 --libdir=/usr/lib --enable-nls --with-sysroot=/ --enable-clocale=gnu --enable-libstdcxx-debug --enable-libstdcxx-time=yes --enable-gnu-unique-object --enable-plugin --enable-objc-gc --enable-targets=all --disable-werror --with-arch-32=i686 --with-tune=generic --enable-checking=release --build=i686-linux-gnu --host=i686-linux-gnu --target=i686-linux-gnu
Thread model: posix
gcc version 4.6.3 (Ubuntu/Linaro 4.6.3-1ubuntu5) 
configure:2920: $? = 0
configure:2909: gcc -V >&5
gcc: error: unrecognized option '-V'
gcc: fatal error: no input files
compilation terminated.
configure:2920: $? = 4
configure:2909: gcc -qversion >&5
gcc: error: unrecognized option '-qversion'
gcc: fatal error: no input files
compilation terminated.
configure:2920: $? = 4
configure:2940: checking whether the C compiler works
configure:2962: gcc    conftest.c  >&5
configure:2966: $? = 0
configure:3015: result: yes
configure:3018: checking for C compiler default output file name
configure:3020: result: a.out
configure:3026: checking for suffix of executables
configure:3033: gcc -o conftest    conftest.c  >&5
configure:3037: $? = 0
configure:3059: result: 
configure:3081: checking whether we are cross compiling
configure:3089: gcc -o conftest    conftest.c  >&5
configure:3093: $? = 0
configure:3100: ./conftest
configure:3104: $? = 0
configure:3119: result: no
configure:3124: checking for suffix of object files
configure:3171: result: o
configure:3175: checking whether we are using the GNU C compiler
configure:3203: result: yes
configure:3212: checking whether gcc accepts -g
configure:3273: result: yes
configure:3290: checking for gcc option to accept ISO C89
configure:3367: result: none needed
configure:3391: checking how to run the C preprocessor
configure:3461: result: gcc -E
configure:3481: gcc -E  conftest.c
configure:3481: $? = 0
configure:3495: gcc -E  conftest.c
conftest.c:10:28: fatal error: ac_nonexistent.h: No such file or directory
compilation terminated.
configure:3495: $? = 1
configure: failed program was:
| /* confdefs.h */
| #define PACKAGE_NAME ""
| #define PACKAGE_TARNAME ""
| #define PACKAGE_VERSION ""
| #define PACKAGE_STRING ""
| #define PACKAGE_BUGREPORT ""
| #define PACKAGE_URL ""
| #define UNIX 1
| /* end confdefs.h.  */
| #include <ac_nonexistent.h>
configure:3524: checking for grep that handles long lines and -e
configure:3582: result: /bin/grep
configure:3587: checking for egrep
configure:3649: result: /bin/grep -E
configure:3663: checking for library containing strerror
configure:3711: result: none required
configure:3722: checking for gawk
configure:3749: result: mawk
configure:3762: checking for strip
configure:3790: result: strip
configure:3801: checking for ANSI C header files
configure:3905: result: yes
configure:3913: checking for sys/wait.h that is POSIX.1 compatible
configure:3946: result: yes
configure:3956: checking --enable-fail-if-missing argument
configure:3965: result: no
configure:3996: checking for buggy tools...
configure:4003: checking for BeOS
configure:4009: result: no
configure:4013: checking for QNX
configure:4020: result: no
configure:4024: checking for Darwin (Mac OS X)
configure:4240: result: no
configure:4248: checking --with-local-dir argument
configure:4272: result: Defaulting to /usr/local
configure:4297: checking --with-vim-name argument
configure:4305: result: Defaulting to vim
configure:4310: checking --with-ex-name argument
configure:4318: result: Defaulting to ex
configure:4323: checking --with-view-name argument
configure:4331: result: Defaulting to view
configure:4337: checking --with-global-runtime argument
configure:4348: result: no
configure:4353: checking --with-modified-by argument
configure:4364: result: no
configure:4369: checking if character set is EBCDIC
configure:4388: gcc -c -g -O2  -I/usr/local/include conftest.c >&5
conftest.c: In function 'main':
conftest.c:21:1: error: unknown type name 'make'
conftest.c:21:9: error: expected '=', ',', ';', 'asm' or '__attribute__' before 'error'
configure:4388: $? = 1
configure: failed program was:
| /* confdefs.h */
| #define PACKAGE_NAME ""
| #define PACKAGE_TARNAME ""
| #define PACKAGE_VERSION ""
| #define PACKAGE_STRING ""
| #define PACKAGE_BUGREPORT ""
| #define PACKAGE_URL ""
| #define UNIX 1
| #define STDC_HEADERS 1
| #define HAVE_SYS_WAIT_H 1
| /* end confdefs.h.  */
| 
| int
| main ()
| {
|  /* TryCompile function for CharSet.
|    Treat any failure as ASCII for compatibility with existing art.
|    Use compile-time rather than run-time tests for cross-compiler
|    tolerance.  */
| #if '0'!=240
| make an error "Character set is not EBCDIC"
| #endif
|   ;
|   return 0;
| }
configure:4398: result: no
configure:4459: checking --disable-selinux argument
configure:4469: result: no
configure:4471: checking for is_selinux_enabled in -lselinux
configure:4505: result: no
configure:4519: checking --with-features argument
configure:4524: result: huge
configure:4555: checking --with-compiledby argument
configure:4563: result: no
configure:4569: checking --disable-xsmp argument
configure:4580: result: no
configure:4582: checking --disable-xsmp-interact argument
configure:4592: result: no
configure:4605: checking --enable-luainterp argument
configure:4614: result: no
configure:4760: checking --enable-mzschemeinterp argument
configure:4769: result: no
configure:4991: checking --enable-perlinterp argument
configure:5000: result: no
configure:5177: checking --enable-pythoninterp argument
configure:5186: result: yes
configure:5191: checking for python
configure:5221: result: /usr/bin/python
configure:5231: checking Python version
configure:5240: result: 2.7
configure:5243: checking Python is 1.4 or better
configure:5248: result: yep
configure:5251: checking Python's install prefix
configure:5260: result: /usr
configure:5263: checking Python's execution prefix
configure:5272: result: /usr
configure:5294: checking Python's configuration directory
configure:5311: result: /usr/lib/python2.7/config
configure:5366: checking if -pthread should be used
configure:5393: gcc -o conftest -g -O2 -pthread  -I/usr/local/include  -L/usr/local/lib conftest.c   >&5
configure:5393: $? = 0
configure:5394: result: yes
configure:5409: checking if compile and link flags for Python are sane
configure:5426: gcc -o conftest -g -O2 -I/usr/include/python2.7 -DPYTHON_HOME=\"/usr\" -pthread  -I/usr/local/include  -L/usr/local/lib conftest.c   -L/usr/lib/python2.7/config -lpython2.7 >&5
<command-line>:0:14: warning: missing terminating " character [enabled by default]
configure:5426: $? = 0
configure:5427: result: yes
configure:5468: checking --enable-python3interp argument
configure:5477: result: no
configure:5908: checking --enable-tclinterp argument
configure:5917: result: no
configure:6251: checking --enable-rubyinterp argument
configure:6260: result: no
configure:6392: checking --enable-cscope argument
configure:6401: result: yes
configure:6408: checking --enable-workshop argument
configure:6417: result: no
configure:6431: checking --disable-netbeans argument
configure:6441: result: no
configure:6443: checking for socket in -lsocket
configure:6477: result: no
configure:6488: checking for gethostbyname in -lnsl
configure:6522: result: yes
configure:6533: checking whether compiling netbeans integration is possible
configure:6569: gcc -o conftest -g -O2  -I/usr/local/include  -L/usr/local/lib conftest.c -lnsl   >&5
configure:6569: $? = 0
configure:6570: result: yes
configure:6591: checking --enable-sniff argument
configure:6600: result: no
configure:6611: checking --enable-multibyte argument
configure:6620: result: no
configure:6627: checking --enable-hangulinput argument
configure:6636: result: no
configure:6639: checking --enable-xim argument
configure:6646: result: defaulting to auto
configure:6651: checking --enable-fontset argument
configure:6660: result: no
configure:6672: checking for xmkmf
configure:6705: result: no
configure:6711: checking for X
configure:6889: result: no
configure:7425: checking if X11 header files can be found
configure:7441: gcc -c -g -O2    -I/usr/local/include conftest.c >&5
conftest.c:19:22: fatal error: X11/Xlib.h: No such file or directory
compilation terminated.
configure:7441: $? = 1
configure: failed program was:
| /* confdefs.h */
| #define PACKAGE_NAME ""
| #define PACKAGE_TARNAME ""
| #define PACKAGE_VERSION ""
| #define PACKAGE_STRING ""
| #define PACKAGE_BUGREPORT ""
| #define PACKAGE_URL ""
| #define UNIX 1
| #define STDC_HEADERS 1
| #define HAVE_SYS_WAIT_H 1
| #define FEAT_HUGE 1
| #define USE_XSMP_INTERACT 1
| #define FEAT_PYTHON 1
| #define FEAT_CSCOPE 1
| #define HAVE_LIBNSL 1
| #define FEAT_NETBEANS_INTG 1
| #define X_DISPLAY_MISSING 1
| /* end confdefs.h.  */
| #include <X11/Xlib.h>
| #include <X11/Intrinsic.h>
| int
| main ()
| {
| 
|   ;
|   return 0;
| }
configure:7445: result: no
configure:7679: checking --enable-gui argument
configure:7739: result: no GUI support
configure:8601: checking for X11/SM/SMlib.h
configure:8601: result: no
configure:8805: checking whether toupper is broken
configure:8842: result: no
configure:8850: checking whether __DATE__ and __TIME__ work
configure:8863: gcc -c -g -O2  -I/usr/local/include conftest.c >&5
configure:8863: $? = 0
configure:8864: result: yes
configure:8873: checking whether __attribute__((unused)) is allowed
configure:8886: gcc -c -g -O2  -I/usr/local/include conftest.c >&5
configure:8886: $? = 0
configure:8887: result: yes
configure:8896: checking for elf.h
configure:8896: result: yes
configure:8903: checking for main in -lelf
configure:8931: result: no
configure:8947: checking for dirent.h that defines DIR
configure:8974: result: yes
configure:8988: checking for library containing opendir
configure:9036: result: none required
configure:9144: checking for stdarg.h
configure:9144: result: yes
configure:9144: checking for stdint.h
configure:9144: result: yes
configure:9144: checking for stdlib.h
configure:9144: result: yes
configure:9144: checking for string.h
configure:9144: result: yes
configure:9144: checking for sys/select.h
configure:9144: result: yes
configure:9144: checking for sys/utsname.h
configure:9144: result: yes
configure:9144: checking for termcap.h
configure:9144: result: yes
configure:9144: checking for fcntl.h
configure:9144: result: yes
configure:9144: checking for sgtty.h
configure:9144: result: yes
configure:9144: checking for sys/ioctl.h
configure:9144: result: yes
configure:9144: checking for sys/time.h
configure:9144: result: yes
configure:9144: checking for sys/types.h
configure:9144: result: yes
configure:9144: checking for termio.h
configure:9144: result: yes
configure:9144: checking for iconv.h
configure:9144: result: yes
configure:9144: checking for inttypes.h
configure:9144: result: yes
configure:9144: checking for langinfo.h
configure:9144: result: yes
configure:9144: checking for math.h
configure:9144: result: yes
configure:9144: checking for unistd.h
configure:9144: result: yes
configure:9144: checking for stropts.h
configure:9144: result: yes
configure:9144: checking for errno.h
configure:9144: result: yes
configure:9144: checking for sys/resource.h
configure:9144: result: yes
configure:9144: checking for sys/systeminfo.h
configure:9144: result: no
configure:9144: checking for locale.h
configure:9144: result: yes
configure:9144: checking for sys/stream.h
configure:9144: result: no
configure:9144: checking for termios.h
configure:9144: result: yes
configure:9144: checking for libc.h
configure:9144: result: no
configure:9144: checking for sys/statfs.h
configure:9144: result: yes
configure:9144: checking for poll.h
configure:9144: result: yes
configure:9144: checking for sys/poll.h
configure:9144: result: yes
configure:9144: checking for pwd.h
configure:9144: result: yes
configure:9144: checking for utime.h
configure:9144: result: yes
configure:9144: checking for sys/param.h
configure:9144: result: yes
configure:9144: checking for libintl.h
configure:9144: result: yes
configure:9144: checking for libgen.h
configure:9144: result: yes
configure:9144: checking for util/debug.h
configure:9144: result: no
configure:9144: checking for util/msg18n.h
configure:9144: result: no
configure:9144: checking for frame.h
configure:9144: result: no
configure:9144: checking for sys/acl.h
configure:9144: result: no
configure:9144: checking for sys/access.h
configure:9144: result: no
configure:9144: checking for sys/sysinfo.h
configure:9144: result: yes
configure:9144: checking for wchar.h
configure:9144: result: yes
configure:9144: checking for wctype.h
configure:9144: result: yes
configure:9158: checking for sys/ptem.h
configure:9158: result: no
configure:9174: checking for sys/sysctl.h
configure:9174: result: yes
configure:9189: checking for pthread_np.h
configure:9204: gcc -c -g -O2  -I/usr/local/include conftest.c >&5
conftest.c:59:24: fatal error: pthread_np.h: No such file or directory
compilation terminated.
configure:9204: $? = 1
configure: failed program was:
| /* confdefs.h */
| #define PACKAGE_NAME ""
| #define PACKAGE_TARNAME ""
| #define PACKAGE_VERSION ""
| #define PACKAGE_STRING ""
| #define PACKAGE_BUGREPORT ""
| #define PACKAGE_URL ""
| #define UNIX 1
| #define STDC_HEADERS 1
| #define HAVE_SYS_WAIT_H 1
| #define FEAT_HUGE 1
| #define USE_XSMP_INTERACT 1
| #define FEAT_PYTHON 1
| #define FEAT_CSCOPE 1
| #define HAVE_LIBNSL 1
| #define FEAT_NETBEANS_INTG 1
| #define X_DISPLAY_MISSING 1
| #define HAVE_DATE_TIME 1
| #define HAVE_ATTRIBUTE_UNUSED 1
| #define HAVE_DIRENT_H 1
| #define HAVE_STDARG_H 1
| #define HAVE_STDINT_H 1
| #define HAVE_STDLIB_H 1
| #define HAVE_STRING_H 1
| #define HAVE_SYS_SELECT_H 1
| #define HAVE_SYS_UTSNAME_H 1
| #define HAVE_TERMCAP_H 1
| #define HAVE_FCNTL_H 1
| #define HAVE_SGTTY_H 1
| #define HAVE_SYS_IOCTL_H 1
| #define HAVE_SYS_TIME_H 1
| #define HAVE_SYS_TYPES_H 1
| #define HAVE_TERMIO_H 1
| #define HAVE_ICONV_H 1
| #define HAVE_INTTYPES_H 1
| #define HAVE_LANGINFO_H 1
| #define HAVE_MATH_H 1
| #define HAVE_UNISTD_H 1
| #define HAVE_STROPTS_H 1
| #define HAVE_ERRNO_H 1
| #define HAVE_SYS_RESOURCE_H 1
| #define HAVE_LOCALE_H 1
| #define HAVE_TERMIOS_H 1
| #define HAVE_SYS_STATFS_H 1
| #define HAVE_POLL_H 1
| #define HAVE_SYS_POLL_H 1
| #define HAVE_PWD_H 1
| #define HAVE_UTIME_H 1
| #define HAVE_SYS_PARAM_H 1
| #define HAVE_LIBINTL_H 1
| #define HAVE_LIBGEN_H 1
| #define HAVE_SYS_SYSINFO_H 1
| #define HAVE_WCHAR_H 1
| #define HAVE_WCTYPE_H 1
| #define HAVE_SYS_SYSCTL_H 1
| /* end confdefs.h.  */
| 
| #include <pthread.h>
| #include <pthread_np.h>
| int
| main ()
| {
| int i; i = 0;
|   ;
|   return 0;
| }
configure:9210: result: no
configure:9217: checking for strings.h
configure:9217: result: yes
configure:9232: checking if strings.h can be included after string.h
configure:9261: gcc -c -g -O2  -I/usr/local/include   conftest.c >&5
configure:9261: $? = 0
configure:9262: result: yes
configure:9275: checking whether gcc needs -traditional
configure:9309: result: no
configure:9316: checking for an ANSI C-conforming const
configure:9388: result: yes
configure:9396: checking for working volatile
configure:9422: result: yes
configure:9430: checking for mode_t
configure:9430: result: yes
configure:9441: checking for off_t
configure:9441: result: yes
configure:9452: checking for pid_t
configure:9452: result: yes
configure:9463: checking for size_t
configure:9463: result: yes
configure:9474: checking for uid_t in sys/types.h
configure:9493: result: yes
configure:9504: checking for uint32_t
configure:9504: result: yes
configure:9519: checking whether time.h and sys/time.h may both be included
configure:9546: result: yes
configure:9554: checking for ino_t
configure:9554: result: yes
configure:9565: checking for dev_t
configure:9565: result: yes
configure:9576: checking whether byte ordering is bigendian
configure:9782: result: no
configure:9801: checking for rlim_t
configure:9804: result: (cached) yes
configure:9837: checking for stack_t
configure:9840: result: (cached) yes
configure:9871: checking whether stack_t has an ss_base field
configure:9892: gcc -c -g -O2  -I/usr/local/include conftest.c >&5
conftest.c: In function 'main':
conftest.c:71:23: error: 'stack_t' has no member named 'ss_base'
configure:9892: $? = 1
configure: failed program was:
| /* confdefs.h */
| #define PACKAGE_NAME ""
| #define PACKAGE_TARNAME ""
| #define PACKAGE_VERSION ""
| #define PACKAGE_STRING ""
| #define PACKAGE_BUGREPORT ""
| #define PACKAGE_URL ""
| #define UNIX 1
| #define STDC_HEADERS 1
| #define HAVE_SYS_WAIT_H 1
| #define FEAT_HUGE 1
| #define USE_XSMP_INTERACT 1
| #define FEAT_PYTHON 1
| #define FEAT_CSCOPE 1
| #define HAVE_LIBNSL 1
| #define FEAT_NETBEANS_INTG 1
| #define X_DISPLAY_MISSING 1
| #define HAVE_DATE_TIME 1
| #define HAVE_ATTRIBUTE_UNUSED 1
| #define HAVE_DIRENT_H 1
| #define HAVE_STDARG_H 1
| #define HAVE_STDINT_H 1
| #define HAVE_STDLIB_H 1
| #define HAVE_STRING_H 1
| #define HAVE_SYS_SELECT_H 1
| #define HAVE_SYS_UTSNAME_H 1
| #define HAVE_TERMCAP_H 1
| #define HAVE_FCNTL_H 1
| #define HAVE_SGTTY_H 1
| #define HAVE_SYS_IOCTL_H 1
| #define HAVE_SYS_TIME_H 1
| #define HAVE_SYS_TYPES_H 1
| #define HAVE_TERMIO_H 1
| #define HAVE_ICONV_H 1
| #define HAVE_INTTYPES_H 1
| #define HAVE_LANGINFO_H 1
| #define HAVE_MATH_H 1
| #define HAVE_UNISTD_H 1
| #define HAVE_STROPTS_H 1
| #define HAVE_ERRNO_H 1
| #define HAVE_SYS_RESOURCE_H 1
| #define HAVE_LOCALE_H 1
| #define HAVE_TERMIOS_H 1
| #define HAVE_SYS_STATFS_H 1
| #define HAVE_POLL_H 1
| #define HAVE_SYS_POLL_H 1
| #define HAVE_PWD_H 1
| #define HAVE_UTIME_H 1
| #define HAVE_SYS_PARAM_H 1
| #define HAVE_LIBINTL_H 1
| #define HAVE_LIBGEN_H 1
| #define HAVE_SYS_SYSINFO_H 1
| #define HAVE_WCHAR_H 1
| #define HAVE_WCTYPE_H 1
| #define HAVE_SYS_SYSCTL_H 1
| #define HAVE_STRINGS_H 1
| #define TIME_WITH_SYS_TIME 1
| /* end confdefs.h.  */
| 
| #include <sys/types.h>
| #if STDC_HEADERS
| # include <stdlib.h>
| # include <stddef.h>
| #endif
| #include <signal.h>
| #include "confdefs.h"
| 
| int
| main ()
| {
| stack_t sigstk; sigstk.ss_base = 0;
|   ;
|   return 0;
| }
configure:9897: result: no
configure:9903: checking --with-tlib argument
configure:9938: result: empty: automatic terminal library selection
configure:9946: checking for tgetent in -ltinfo
configure:9981: result: yes
configure:10009: gcc -o conftest -g -O2  -I/usr/local/include  -L/usr/local/lib conftest.c -ltinfo -lnsl   >&5
configure:10009: $? = 0
configure:10009: ./conftest
configure:10009: $? = 0
configure:10058: checking whether we talk terminfo
configure:10102: result: yes
configure:10111: checking what tgetent() returns for an unknown terminal
configure:10152: result: zero
configure:10161: checking whether termcap.h contains ospeed
configure:10178: gcc -o conftest -g -O2  -I/usr/local/include  -L/usr/local/lib conftest.c -ltinfo -lnsl   >&5
configure:10178: $? = 0
configure:10179: result: yes
configure:10218: checking whether termcap.h contains UP, BC and PC
configure:10235: gcc -o conftest -g -O2  -I/usr/local/include  -L/usr/local/lib conftest.c -ltinfo -lnsl   >&5
configure:10235: $? = 0
configure:10236: result: yes
configure:10275: checking whether tputs() uses outfuntype
configure:10292: gcc -c -g -O2  -I/usr/local/include conftest.c >&5
conftest.c: In function 'main':
conftest.c:72:36: error: 'outfuntype' undeclared (first use in this function)
conftest.c:72:36: note: each undeclared identifier is reported only once for each function it appears in
conftest.c:72:47: error: expected ')' before 'xx'
configure:10292: $? = 1
configure: failed program was:
| /* confdefs.h */
| #define PACKAGE_NAME ""
| #define PACKAGE_TARNAME ""
| #define PACKAGE_VERSION ""
| #define PACKAGE_STRING ""
| #define PACKAGE_BUGREPORT ""
| #define PACKAGE_URL ""
| #define UNIX 1
| #define STDC_HEADERS 1
| #define HAVE_SYS_WAIT_H 1
| #define FEAT_HUGE 1
| #define USE_XSMP_INTERACT 1
| #define FEAT_PYTHON 1
| #define FEAT_CSCOPE 1
| #define HAVE_LIBNSL 1
| #define FEAT_NETBEANS_INTG 1
| #define X_DISPLAY_MISSING 1
| #define HAVE_DATE_TIME 1
| #define HAVE_ATTRIBUTE_UNUSED 1
| #define HAVE_DIRENT_H 1
| #define HAVE_STDARG_H 1
| #define HAVE_STDINT_H 1
| #define HAVE_STDLIB_H 1
| #define HAVE_STRING_H 1
| #define HAVE_SYS_SELECT_H 1
| #define HAVE_SYS_UTSNAME_H 1
| #define HAVE_TERMCAP_H 1
| #define HAVE_FCNTL_H 1
| #define HAVE_SGTTY_H 1
| #define HAVE_SYS_IOCTL_H 1
| #define HAVE_SYS_TIME_H 1
| #define HAVE_SYS_TYPES_H 1
| #define HAVE_TERMIO_H 1
| #define HAVE_ICONV_H 1
| #define HAVE_INTTYPES_H 1
| #define HAVE_LANGINFO_H 1
| #define HAVE_MATH_H 1
| #define HAVE_UNISTD_H 1
| #define HAVE_STROPTS_H 1
| #define HAVE_ERRNO_H 1
| #define HAVE_SYS_RESOURCE_H 1
| #define HAVE_LOCALE_H 1
| #define HAVE_TERMIOS_H 1
| #define HAVE_SYS_STATFS_H 1
| #define HAVE_POLL_H 1
| #define HAVE_SYS_POLL_H 1
| #define HAVE_PWD_H 1
| #define HAVE_UTIME_H 1
| #define HAVE_SYS_PARAM_H 1
| #define HAVE_LIBINTL_H 1
| #define HAVE_LIBGEN_H 1
| #define HAVE_SYS_SYSINFO_H 1
| #define HAVE_WCHAR_H 1
| #define HAVE_WCTYPE_H 1
| #define HAVE_SYS_SYSCTL_H 1
| #define HAVE_STRINGS_H 1
| #define TIME_WITH_SYS_TIME 1
| #define HAVE_LIBTINFO 1
| #define TERMINFO 1
| #define TGETENT_ZERO_ERR 0
| #define HAVE_OSPEED 1
| #define HAVE_UP_BC_PC 1
| /* end confdefs.h.  */
| 
| #ifdef HAVE_TERMCAP_H
| # include <termcap.h>
| #endif
| 
| int
| main ()
| {
| extern int xx(); tputs("test", 1, (outfuntype)xx)
|   ;
|   return 0;
| }
configure:10297: result: no
configure:10302: checking whether sys/select.h and sys/time.h may both be included
configure:10318: gcc -c -g -O2  -I/usr/local/include conftest.c >&5
configure:10318: $? = 0
configure:10319: result: yes
configure:10330: checking for /dev/ptc
configure:10338: result: no
configure:10342: checking for SVR4 ptys
configure:10356: gcc -o conftest -g -O2  -I/usr/local/include  -L/usr/local/lib conftest.c -ltinfo -lnsl   >&5
configure:10356: $? = 0
configure:10357: result: yes
configure:10371: checking for ptyranges
configure:10407: result: don't know
configure:10412: checking default tty permissions/group
configure:10491: result: world
configure:10509: checking return type of signal handlers
configure:10534: result: void
configure:10551: checking for struct sigcontext
configure:10571: gcc -c -g -O2  -I/usr/local/include conftest.c >&5
configure:10571: $? = 0
configure:10572: result: yes
configure:10582: checking getcwd implementation is broken
configure:10625: result: no
configure:10642: checking for bcmp
configure:10642: result: yes
configure:10642: checking for fchdir
configure:10642: result: yes
configure:10642: checking for fchown
configure:10642: result: yes
configure:10642: checking for fsync
configure:10642: result: yes
configure:10642: checking for getcwd
configure:10642: result: yes
configure:10642: checking for getpseudotty
configure:10642: result: no
configure:10642: checking for getpwent
configure:10642: result: yes
configure:10642: checking for getpwnam
configure:10642: result: yes
configure:10642: checking for getpwuid
configure:10642: result: yes
configure:10642: checking for getrlimit
configure:10642: result: yes
configure:10642: checking for gettimeofday
configure:10642: result: yes
configure:10642: checking for getwd
configure:10642: result: yes
configure:10642: checking for lstat
configure:10642: result: yes
configure:10642: checking for memcmp
configure:10642: result: yes
configure:10642: checking for memset
configure:10642: result: yes
configure:10642: checking for mkdtemp
configure:10642: result: yes
configure:10642: checking for nanosleep
configure:10642: result: yes
configure:10642: checking for opendir
configure:10642: result: yes
configure:10642: checking for putenv
configure:10642: result: yes
configure:10642: checking for qsort
configure:10642: result: yes
configure:10642: checking for readlink
configure:10642: result: yes
configure:10642: checking for select
configure:10642: result: yes
configure:10642: checking for setenv
configure:10642: result: yes
configure:10642: checking for setpgid
configure:10642: result: yes
configure:10642: checking for setsid
configure:10642: result: yes
configure:10642: checking for sigaltstack
configure:10642: result: yes
configure:10642: checking for sigstack
configure:10642: result: yes
configure:10642: checking for sigset
configure:10642: result: yes
configure:10642: checking for sigsetjmp
configure:10642: result: no
configure:10642: checking for sigaction
configure:10642: result: yes
configure:10642: checking for sigvec
configure:10642: result: yes
configure:10642: checking for strcasecmp
configure:10642: result: yes
configure:10642: checking for strerror
configure:10642: result: yes
configure:10642: checking for strftime
configure:10642: result: yes
configure:10642: checking for stricmp
configure:10642: result: no
configure:10642: checking for strncasecmp
configure:10642: result: yes
configure:10642: checking for strnicmp
configure:10642: result: no
configure:10642: checking for strpbrk
configure:10642: result: yes
configure:10642: checking for strtol
configure:10642: result: yes
configure:10642: checking for tgetent
configure:10642: result: yes
configure:10642: checking for towlower
configure:10642: result: yes
configure:10642: checking for towupper
configure:10642: result: yes
configure:10642: checking for iswupper
configure:10642: result: yes
configure:10642: checking for usleep
configure:10642: result: yes
configure:10642: checking for utime
configure:10642: result: yes
configure:10642: checking for utimes
configure:10642: result: yes
configure:10652: checking for _LARGEFILE_SOURCE value needed for large files
configure:10699: result: no
configure:10728: checking for special C compiler options needed for large files
configure:10773: result: no
configure:10779: checking for _FILE_OFFSET_BITS value needed for large files
configure:10836: result: 64
configure:10920: checking for st_blksize
configure:10938: gcc -c -g -O2  -I/usr/local/include conftest.c >&5
configure:10938: $? = 0
configure:10939: result: yes
configure:10948: checking whether stat() ignores a trailing slash
configure:10987: result: no
configure:10995: checking for iconv_open()
configure:11014: gcc -o conftest -g -O2  -I/usr/local/include  -L/usr/local/lib conftest.c -ltinfo -lnsl   -liconv >&5
/usr/bin/ld: cannot find -liconv
collect2: ld returned 1 exit status
configure:11014: $? = 1
configure: failed program was:
| /* confdefs.h */
| #define PACKAGE_NAME ""
| #define PACKAGE_TARNAME ""
| #define PACKAGE_VERSION ""
| #define PACKAGE_STRING ""
| #define PACKAGE_BUGREPORT ""
| #define PACKAGE_URL ""
| #define UNIX 1
| #define STDC_HEADERS 1
| #define HAVE_SYS_WAIT_H 1
| #define FEAT_HUGE 1
| #define USE_XSMP_INTERACT 1
| #define FEAT_PYTHON 1
| #define FEAT_CSCOPE 1
| #define HAVE_LIBNSL 1
| #define FEAT_NETBEANS_INTG 1
| #define X_DISPLAY_MISSING 1
| #define HAVE_DATE_TIME 1
| #define HAVE_ATTRIBUTE_UNUSED 1
| #define HAVE_DIRENT_H 1
| #define HAVE_STDARG_H 1
| #define HAVE_STDINT_H 1
| #define HAVE_STDLIB_H 1
| #define HAVE_STRING_H 1
| #define HAVE_SYS_SELECT_H 1
| #define HAVE_SYS_UTSNAME_H 1
| #define HAVE_TERMCAP_H 1
| #define HAVE_FCNTL_H 1
| #define HAVE_SGTTY_H 1
| #define HAVE_SYS_IOCTL_H 1
| #define HAVE_SYS_TIME_H 1
| #define HAVE_SYS_TYPES_H 1
| #define HAVE_TERMIO_H 1
| #define HAVE_ICONV_H 1
| #define HAVE_INTTYPES_H 1
| #define HAVE_LANGINFO_H 1
| #define HAVE_MATH_H 1
| #define HAVE_UNISTD_H 1
| #define HAVE_STROPTS_H 1
| #define HAVE_ERRNO_H 1
| #define HAVE_SYS_RESOURCE_H 1
| #define HAVE_LOCALE_H 1
| #define HAVE_TERMIOS_H 1
| #define HAVE_SYS_STATFS_H 1
| #define HAVE_POLL_H 1
| #define HAVE_SYS_POLL_H 1
| #define HAVE_PWD_H 1
| #define HAVE_UTIME_H 1
| #define HAVE_SYS_PARAM_H 1
| #define HAVE_LIBINTL_H 1
| #define HAVE_LIBGEN_H 1
| #define HAVE_SYS_SYSINFO_H 1
| #define HAVE_WCHAR_H 1
| #define HAVE_WCTYPE_H 1
| #define HAVE_SYS_SYSCTL_H 1
| #define HAVE_STRINGS_H 1
| #define TIME_WITH_SYS_TIME 1
| #define HAVE_LIBTINFO 1
| #define TERMINFO 1
| #define TGETENT_ZERO_ERR 0
| #define HAVE_OSPEED 1
| #define HAVE_UP_BC_PC 1
| #define SYS_SELECT_WITH_SYS_TIME 1
| #define HAVE_SVR4_PTYS 1
| #define RETSIGTYPE void
| #define SIGRETURN return
| #define HAVE_SIGCONTEXT 1
| #define HAVE_BCMP 1
| #define HAVE_FCHDIR 1
| #define HAVE_FCHOWN 1
| #define HAVE_FSYNC 1
| #define HAVE_GETCWD 1
| #define HAVE_GETPWENT 1
| #define HAVE_GETPWNAM 1
| #define HAVE_GETPWUID 1
| #define HAVE_GETRLIMIT 1
| #define HAVE_GETTIMEOFDAY 1
| #define HAVE_GETWD 1
| #define HAVE_LSTAT 1
| #define HAVE_MEMCMP 1
| #define HAVE_MEMSET 1
| #define HAVE_MKDTEMP 1
| #define HAVE_NANOSLEEP 1
| #define HAVE_OPENDIR 1
| #define HAVE_PUTENV 1
| #define HAVE_QSORT 1
| #define HAVE_READLINK 1
| #define HAVE_SELECT 1
| #define HAVE_SETENV 1
| #define HAVE_SETPGID 1
| #define HAVE_SETSID 1
| #define HAVE_SIGALTSTACK 1
| #define HAVE_SIGSTACK 1
| #define HAVE_SIGSET 1
| #define HAVE_SIGACTION 1
| #define HAVE_SIGVEC 1
| #define HAVE_STRCASECMP 1
| #define HAVE_STRERROR 1
| #define HAVE_STRFTIME 1
| #define HAVE_STRNCASECMP 1
| #define HAVE_STRPBRK 1
| #define HAVE_STRTOL 1
| #define HAVE_TGETENT 1
| #define HAVE_TOWLOWER 1
| #define HAVE_TOWUPPER 1
| #define HAVE_ISWUPPER 1
| #define HAVE_USLEEP 1
| #define HAVE_UTIME 1
| #define HAVE_UTIMES 1
| #define HAVE_FSEEKO 1
| #define _FILE_OFFSET_BITS 64
| #define HAVE_ST_BLKSIZE 1
| /* end confdefs.h.  */
| 
| #ifdef HAVE_ICONV_H
| # include <iconv.h>
| #endif
| 
| int
| main ()
| {
| iconv_open("fr", "to");
|   ;
|   return 0;
| }
configure:11035: gcc -o conftest -g -O2  -I/usr/local/include  -L/usr/local/lib conftest.c -ltinfo -lnsl   >&5
configure:11035: $? = 0
configure:11036: result: yes
configure:11050: checking for nl_langinfo(CODESET)
configure:11067: gcc -o conftest -g -O2  -I/usr/local/include  -L/usr/local/lib conftest.c -ltinfo -lnsl   >&5
configure:11067: $? = 0
configure:11068: result: yes
configure:11078: checking for strtod in -lm
configure:11112: result: yes
configure:11123: checking for strtod() and other floating point functions
configure:11155: gcc -o conftest -g -O2  -I/usr/local/include  -L/usr/local/lib conftest.c -lm -ltinfo -lnsl   >&5
configure:11155: $? = 0
configure:11156: result: yes
configure:11166: checking --disable-acl argument
configure:11176: result: no
configure:11178: checking for acl_get_file in -lposix1e
configure:11212: result: no
configure:11217: checking for acl_get_file in -lacl
configure:11251: result: no
configure:11300: checking for POSIX ACL support
configure:11320: gcc -o conftest -g -O2  -I/usr/local/include  -L/usr/local/lib conftest.c -lm -ltinfo -lnsl   >&5
conftest.c:123:1: error: unknown type name 'acl_t'
conftest.c: In function 'main':
conftest.c:127:27: error: 'ACL_TYPE_ACCESS' undeclared (first use in this function)
conftest.c:127:27: note: each undeclared identifier is reported only once for each function it appears in
configure:11320: $? = 1
configure: failed program was:
| /* confdefs.h */
| #define PACKAGE_NAME ""
| #define PACKAGE_TARNAME ""
| #define PACKAGE_VERSION ""
| #define PACKAGE_STRING ""
| #define PACKAGE_BUGREPORT ""
| #define PACKAGE_URL ""
| #define UNIX 1
| #define STDC_HEADERS 1
| #define HAVE_SYS_WAIT_H 1
| #define FEAT_HUGE 1
| #define USE_XSMP_INTERACT 1
| #define FEAT_PYTHON 1
| #define FEAT_CSCOPE 1
| #define HAVE_LIBNSL 1
| #define FEAT_NETBEANS_INTG 1
| #define X_DISPLAY_MISSING 1
| #define HAVE_DATE_TIME 1
| #define HAVE_ATTRIBUTE_UNUSED 1
| #define HAVE_DIRENT_H 1
| #define HAVE_STDARG_H 1
| #define HAVE_STDINT_H 1
| #define HAVE_STDLIB_H 1
| #define HAVE_STRING_H 1
| #define HAVE_SYS_SELECT_H 1
| #define HAVE_SYS_UTSNAME_H 1
| #define HAVE_TERMCAP_H 1
| #define HAVE_FCNTL_H 1
| #define HAVE_SGTTY_H 1
| #define HAVE_SYS_IOCTL_H 1
| #define HAVE_SYS_TIME_H 1
| #define HAVE_SYS_TYPES_H 1
| #define HAVE_TERMIO_H 1
| #define HAVE_ICONV_H 1
| #define HAVE_INTTYPES_H 1
| #define HAVE_LANGINFO_H 1
| #define HAVE_MATH_H 1
| #define HAVE_UNISTD_H 1
| #define HAVE_STROPTS_H 1
| #define HAVE_ERRNO_H 1
| #define HAVE_SYS_RESOURCE_H 1
| #define HAVE_LOCALE_H 1
| #define HAVE_TERMIOS_H 1
| #define HAVE_SYS_STATFS_H 1
| #define HAVE_POLL_H 1
| #define HAVE_SYS_POLL_H 1
| #define HAVE_PWD_H 1
| #define HAVE_UTIME_H 1
| #define HAVE_SYS_PARAM_H 1
| #define HAVE_LIBINTL_H 1
| #define HAVE_LIBGEN_H 1
| #define HAVE_SYS_SYSINFO_H 1
| #define HAVE_WCHAR_H 1
| #define HAVE_WCTYPE_H 1
| #define HAVE_SYS_SYSCTL_H 1
| #define HAVE_STRINGS_H 1
| #define TIME_WITH_SYS_TIME 1
| #define HAVE_LIBTINFO 1
| #define TERMINFO 1
| #define TGETENT_ZERO_ERR 0
| #define HAVE_OSPEED 1
| #define HAVE_UP_BC_PC 1
| #define SYS_SELECT_WITH_SYS_TIME 1
| #define HAVE_SVR4_PTYS 1
| #define RETSIGTYPE void
| #define SIGRETURN return
| #define HAVE_SIGCONTEXT 1
| #define HAVE_BCMP 1
| #define HAVE_FCHDIR 1
| #define HAVE_FCHOWN 1
| #define HAVE_FSYNC 1
| #define HAVE_GETCWD 1
| #define HAVE_GETPWENT 1
| #define HAVE_GETPWNAM 1
| #define HAVE_GETPWUID 1
| #define HAVE_GETRLIMIT 1
| #define HAVE_GETTIMEOFDAY 1
| #define HAVE_GETWD 1
| #define HAVE_LSTAT 1
| #define HAVE_MEMCMP 1
| #define HAVE_MEMSET 1
| #define HAVE_MKDTEMP 1
| #define HAVE_NANOSLEEP 1
| #define HAVE_OPENDIR 1
| #define HAVE_PUTENV 1
| #define HAVE_QSORT 1
| #define HAVE_READLINK 1
| #define HAVE_SELECT 1
| #define HAVE_SETENV 1
| #define HAVE_SETPGID 1
| #define HAVE_SETSID 1
| #define HAVE_SIGALTSTACK 1
| #define HAVE_SIGSTACK 1
| #define HAVE_SIGSET 1
| #define HAVE_SIGACTION 1
| #define HAVE_SIGVEC 1
| #define HAVE_STRCASECMP 1
| #define HAVE_STRERROR 1
| #define HAVE_STRFTIME 1
| #define HAVE_STRNCASECMP 1
| #define HAVE_STRPBRK 1
| #define HAVE_STRTOL 1
| #define HAVE_TGETENT 1
| #define HAVE_TOWLOWER 1
| #define HAVE_TOWUPPER 1
| #define HAVE_ISWUPPER 1
| #define HAVE_USLEEP 1
| #define HAVE_UTIME 1
| #define HAVE_UTIMES 1
| #define HAVE_FSEEKO 1
| #define _FILE_OFFSET_BITS 64
| #define HAVE_ST_BLKSIZE 1
| #define HAVE_ICONV 1
| #define HAVE_NL_LANGINFO_CODESET 1
| #define HAVE_LIBM 1
| #define HAVE_FLOAT_FUNCS 1
| /* end confdefs.h.  */
| 
| #include <sys/types.h>
| #ifdef HAVE_SYS_ACL_H
| # include <sys/acl.h>
| #endif
| acl_t acl;
| int
| main ()
| {
| acl = acl_get_file("foo", ACL_TYPE_ACCESS);
| 	acl_set_file("foo", ACL_TYPE_ACCESS, acl);
| 	acl_free(acl);
|   ;
|   return 0;
| }
configure:11325: result: no
configure:11331: checking for acl_get in -lsec
configure:11365: result: no
configure:11371: checking for Solaris ACL support
configure:11388: gcc -o conftest -g -O2  -I/usr/local/include  -L/usr/local/lib conftest.c -lm -ltinfo -lnsl   >&5
conftest.c: In function 'main':
conftest.c:125:12: error: 'GETACLCNT' undeclared (first use in this function)
conftest.c:125:12: note: each undeclared identifier is reported only once for each function it appears in
conftest.c:125:26: error: 'NULL' undeclared (first use in this function)
configure:11388: $? = 1
configure: failed program was:
| /* confdefs.h */
| #define PACKAGE_NAME ""
| #define PACKAGE_TARNAME ""
| #define PACKAGE_VERSION ""
| #define PACKAGE_STRING ""
| #define PACKAGE_BUGREPORT ""
| #define PACKAGE_URL ""
| #define UNIX 1
| #define STDC_HEADERS 1
| #define HAVE_SYS_WAIT_H 1
| #define FEAT_HUGE 1
| #define USE_XSMP_INTERACT 1
| #define FEAT_PYTHON 1
| #define FEAT_CSCOPE 1
| #define HAVE_LIBNSL 1
| #define FEAT_NETBEANS_INTG 1
| #define X_DISPLAY_MISSING 1
| #define HAVE_DATE_TIME 1
| #define HAVE_ATTRIBUTE_UNUSED 1
| #define HAVE_DIRENT_H 1
| #define HAVE_STDARG_H 1
| #define HAVE_STDINT_H 1
| #define HAVE_STDLIB_H 1
| #define HAVE_STRING_H 1
| #define HAVE_SYS_SELECT_H 1
| #define HAVE_SYS_UTSNAME_H 1
| #define HAVE_TERMCAP_H 1
| #define HAVE_FCNTL_H 1
| #define HAVE_SGTTY_H 1
| #define HAVE_SYS_IOCTL_H 1
| #define HAVE_SYS_TIME_H 1
| #define HAVE_SYS_TYPES_H 1
| #define HAVE_TERMIO_H 1
| #define HAVE_ICONV_H 1
| #define HAVE_INTTYPES_H 1
| #define HAVE_LANGINFO_H 1
| #define HAVE_MATH_H 1
| #define HAVE_UNISTD_H 1
| #define HAVE_STROPTS_H 1
| #define HAVE_ERRNO_H 1
| #define HAVE_SYS_RESOURCE_H 1
| #define HAVE_LOCALE_H 1
| #define HAVE_TERMIOS_H 1
| #define HAVE_SYS_STATFS_H 1
| #define HAVE_POLL_H 1
| #define HAVE_SYS_POLL_H 1
| #define HAVE_PWD_H 1
| #define HAVE_UTIME_H 1
| #define HAVE_SYS_PARAM_H 1
| #define HAVE_LIBINTL_H 1
| #define HAVE_LIBGEN_H 1
| #define HAVE_SYS_SYSINFO_H 1
| #define HAVE_WCHAR_H 1
| #define HAVE_WCTYPE_H 1
| #define HAVE_SYS_SYSCTL_H 1
| #define HAVE_STRINGS_H 1
| #define TIME_WITH_SYS_TIME 1
| #define HAVE_LIBTINFO 1
| #define TERMINFO 1
| #define TGETENT_ZERO_ERR 0
| #define HAVE_OSPEED 1
| #define HAVE_UP_BC_PC 1
| #define SYS_SELECT_WITH_SYS_TIME 1
| #define HAVE_SVR4_PTYS 1
| #define RETSIGTYPE void
| #define SIGRETURN return
| #define HAVE_SIGCONTEXT 1
| #define HAVE_BCMP 1
| #define HAVE_FCHDIR 1
| #define HAVE_FCHOWN 1
| #define HAVE_FSYNC 1
| #define HAVE_GETCWD 1
| #define HAVE_GETPWENT 1
| #define HAVE_GETPWNAM 1
| #define HAVE_GETPWUID 1
| #define HAVE_GETRLIMIT 1
| #define HAVE_GETTIMEOFDAY 1
| #define HAVE_GETWD 1
| #define HAVE_LSTAT 1
| #define HAVE_MEMCMP 1
| #define HAVE_MEMSET 1
| #define HAVE_MKDTEMP 1
| #define HAVE_NANOSLEEP 1
| #define HAVE_OPENDIR 1
| #define HAVE_PUTENV 1
| #define HAVE_QSORT 1
| #define HAVE_READLINK 1
| #define HAVE_SELECT 1
| #define HAVE_SETENV 1
| #define HAVE_SETPGID 1
| #define HAVE_SETSID 1
| #define HAVE_SIGALTSTACK 1
| #define HAVE_SIGSTACK 1
| #define HAVE_SIGSET 1
| #define HAVE_SIGACTION 1
| #define HAVE_SIGVEC 1
| #define HAVE_STRCASECMP 1
| #define HAVE_STRERROR 1
| #define HAVE_STRFTIME 1
| #define HAVE_STRNCASECMP 1
| #define HAVE_STRPBRK 1
| #define HAVE_STRTOL 1
| #define HAVE_TGETENT 1
| #define HAVE_TOWLOWER 1
| #define HAVE_TOWUPPER 1
| #define HAVE_ISWUPPER 1
| #define HAVE_USLEEP 1
| #define HAVE_UTIME 1
| #define HAVE_UTIMES 1
| #define HAVE_FSEEKO 1
| #define _FILE_OFFSET_BITS 64
| #define HAVE_ST_BLKSIZE 1
| #define HAVE_ICONV 1
| #define HAVE_NL_LANGINFO_CODESET 1
| #define HAVE_LIBM 1
| #define HAVE_FLOAT_FUNCS 1
| /* end confdefs.h.  */
| 
| #ifdef HAVE_SYS_ACL_H
| # include <sys/acl.h>
| #endif
| int
| main ()
| {
| acl("foo", GETACLCNT, 0, NULL);
| 
|   ;
|   return 0;
| }
configure:11393: result: no
configure:11401: checking for AIX ACL support
configure:11433: gcc -o conftest -g -O2  -I/usr/local/include  -L/usr/local/lib conftest.c -lm -ltinfo -lnsl   >&5
conftest.c: In function 'main':
conftest.c:138:18: error: invalid application of 'sizeof' to incomplete type 'struct acl' 
conftest.c:140:17: error: 'STX_NORMAL' undeclared (first use in this function)
conftest.c:140:17: note: each undeclared identifier is reported only once for each function it appears in
configure:11433: $? = 1
configure: failed program was:
| /* confdefs.h */
| #define PACKAGE_NAME ""
| #define PACKAGE_TARNAME ""
| #define PACKAGE_VERSION ""
| #define PACKAGE_STRING ""
| #define PACKAGE_BUGREPORT ""
| #define PACKAGE_URL ""
| #define UNIX 1
| #define STDC_HEADERS 1
| #define HAVE_SYS_WAIT_H 1
| #define FEAT_HUGE 1
| #define USE_XSMP_INTERACT 1
| #define FEAT_PYTHON 1
| #define FEAT_CSCOPE 1
| #define HAVE_LIBNSL 1
| #define FEAT_NETBEANS_INTG 1
| #define X_DISPLAY_MISSING 1
| #define HAVE_DATE_TIME 1
| #define HAVE_ATTRIBUTE_UNUSED 1
| #define HAVE_DIRENT_H 1
| #define HAVE_STDARG_H 1
| #define HAVE_STDINT_H 1
| #define HAVE_STDLIB_H 1
| #define HAVE_STRING_H 1
| #define HAVE_SYS_SELECT_H 1
| #define HAVE_SYS_UTSNAME_H 1
| #define HAVE_TERMCAP_H 1
| #define HAVE_FCNTL_H 1
| #define HAVE_SGTTY_H 1
| #define HAVE_SYS_IOCTL_H 1
| #define HAVE_SYS_TIME_H 1
| #define HAVE_SYS_TYPES_H 1
| #define HAVE_TERMIO_H 1
| #define HAVE_ICONV_H 1
| #define HAVE_INTTYPES_H 1
| #define HAVE_LANGINFO_H 1
| #define HAVE_MATH_H 1
| #define HAVE_UNISTD_H 1
| #define HAVE_STROPTS_H 1
| #define HAVE_ERRNO_H 1
| #define HAVE_SYS_RESOURCE_H 1
| #define HAVE_LOCALE_H 1
| #define HAVE_TERMIOS_H 1
| #define HAVE_SYS_STATFS_H 1
| #define HAVE_POLL_H 1
| #define HAVE_SYS_POLL_H 1
| #define HAVE_PWD_H 1
| #define HAVE_UTIME_H 1
| #define HAVE_SYS_PARAM_H 1
| #define HAVE_LIBINTL_H 1
| #define HAVE_LIBGEN_H 1
| #define HAVE_SYS_SYSINFO_H 1
| #define HAVE_WCHAR_H 1
| #define HAVE_WCTYPE_H 1
| #define HAVE_SYS_SYSCTL_H 1
| #define HAVE_STRINGS_H 1
| #define TIME_WITH_SYS_TIME 1
| #define HAVE_LIBTINFO 1
| #define TERMINFO 1
| #define TGETENT_ZERO_ERR 0
| #define HAVE_OSPEED 1
| #define HAVE_UP_BC_PC 1
| #define SYS_SELECT_WITH_SYS_TIME 1
| #define HAVE_SVR4_PTYS 1
| #define RETSIGTYPE void
| #define SIGRETURN return
| #define HAVE_SIGCONTEXT 1
| #define HAVE_BCMP 1
| #define HAVE_FCHDIR 1
| #define HAVE_FCHOWN 1
| #define HAVE_FSYNC 1
| #define HAVE_GETCWD 1
| #define HAVE_GETPWENT 1
| #define HAVE_GETPWNAM 1
| #define HAVE_GETPWUID 1
| #define HAVE_GETRLIMIT 1
| #define HAVE_GETTIMEOFDAY 1
| #define HAVE_GETWD 1
| #define HAVE_LSTAT 1
| #define HAVE_MEMCMP 1
| #define HAVE_MEMSET 1
| #define HAVE_MKDTEMP 1
| #define HAVE_NANOSLEEP 1
| #define HAVE_OPENDIR 1
| #define HAVE_PUTENV 1
| #define HAVE_QSORT 1
| #define HAVE_READLINK 1
| #define HAVE_SELECT 1
| #define HAVE_SETENV 1
| #define HAVE_SETPGID 1
| #define HAVE_SETSID 1
| #define HAVE_SIGALTSTACK 1
| #define HAVE_SIGSTACK 1
| #define HAVE_SIGSET 1
| #define HAVE_SIGACTION 1
| #define HAVE_SIGVEC 1
| #define HAVE_STRCASECMP 1
| #define HAVE_STRERROR 1
| #define HAVE_STRFTIME 1
| #define HAVE_STRNCASECMP 1
| #define HAVE_STRPBRK 1
| #define HAVE_STRTOL 1
| #define HAVE_TGETENT 1
| #define HAVE_TOWLOWER 1
| #define HAVE_TOWUPPER 1
| #define HAVE_ISWUPPER 1
| #define HAVE_USLEEP 1
| #define HAVE_UTIME 1
| #define HAVE_UTIMES 1
| #define HAVE_FSEEKO 1
| #define _FILE_OFFSET_BITS 64
| #define HAVE_ST_BLKSIZE 1
| #define HAVE_ICONV 1
| #define HAVE_NL_LANGINFO_CODESET 1
| #define HAVE_LIBM 1
| #define HAVE_FLOAT_FUNCS 1
| /* end confdefs.h.  */
| 
| #if STDC_HEADERS
| # include <stdlib.h>
| # include <stddef.h>
| #endif
| #ifdef HAVE_SYS_ACL_H
| # include <sys/acl.h>
| #endif
| #ifdef HAVE_SYS_ACCESS_H
| # include <sys/access.h>
| #endif
| #define _ALL_SOURCE
| 
| #include <sys/stat.h>
| 
| int aclsize;
| struct acl *aclent;
| int
| main ()
| {
| aclsize = sizeof(struct acl);
| 	aclent = (void *)malloc(aclsize);
| 	statacl("foo", STX_NORMAL, aclent, aclsize);
| 
|   ;
|   return 0;
| }
configure:11438: result: no
configure:11448: checking --disable-gpm argument
configure:11459: result: no
configure:11461: checking for gpm
configure:11489: result: no
configure:11501: checking --disable-sysmouse argument
configure:11512: result: no
configure:11514: checking for sysmouse
configure:11545: result: no
configure:11556: checking for FD_CLOEXEC
configure:11571: gcc -c -g -O2  -I/usr/local/include conftest.c >&5
configure:11571: $? = 0
configure:11572: result: yes
configure:11581: checking for rename
configure:11594: gcc -o conftest -g -O2  -I/usr/local/include  -L/usr/local/lib conftest.c -lm -ltinfo -lnsl   >&5
configure:11594: $? = 0
configure:11595: result: yes
configure:11605: checking for sysctl
configure:11626: gcc -c -g -O2  -I/usr/local/include conftest.c >&5
conftest.c: In function 'main':
conftest.c:128:11: error: 'CTL_HW' undeclared (first use in this function)
conftest.c:128:11: note: each undeclared identifier is reported only once for each function it appears in
conftest.c:129:11: error: 'HW_USERMEM' undeclared (first use in this function)
configure:11626: $? = 1
configure: failed program was:
| /* confdefs.h */
| #define PACKAGE_NAME ""
| #define PACKAGE_TARNAME ""
| #define PACKAGE_VERSION ""
| #define PACKAGE_STRING ""
| #define PACKAGE_BUGREPORT ""
| #define PACKAGE_URL ""
| #define UNIX 1
| #define STDC_HEADERS 1
| #define HAVE_SYS_WAIT_H 1
| #define FEAT_HUGE 1
| #define USE_XSMP_INTERACT 1
| #define FEAT_PYTHON 1
| #define FEAT_CSCOPE 1
| #define HAVE_LIBNSL 1
| #define FEAT_NETBEANS_INTG 1
| #define X_DISPLAY_MISSING 1
| #define HAVE_DATE_TIME 1
| #define HAVE_ATTRIBUTE_UNUSED 1
| #define HAVE_DIRENT_H 1
| #define HAVE_STDARG_H 1
| #define HAVE_STDINT_H 1
| #define HAVE_STDLIB_H 1
| #define HAVE_STRING_H 1
| #define HAVE_SYS_SELECT_H 1
| #define HAVE_SYS_UTSNAME_H 1
| #define HAVE_TERMCAP_H 1
| #define HAVE_FCNTL_H 1
| #define HAVE_SGTTY_H 1
| #define HAVE_SYS_IOCTL_H 1
| #define HAVE_SYS_TIME_H 1
| #define HAVE_SYS_TYPES_H 1
| #define HAVE_TERMIO_H 1
| #define HAVE_ICONV_H 1
| #define HAVE_INTTYPES_H 1
| #define HAVE_LANGINFO_H 1
| #define HAVE_MATH_H 1
| #define HAVE_UNISTD_H 1
| #define HAVE_STROPTS_H 1
| #define HAVE_ERRNO_H 1
| #define HAVE_SYS_RESOURCE_H 1
| #define HAVE_LOCALE_H 1
| #define HAVE_TERMIOS_H 1
| #define HAVE_SYS_STATFS_H 1
| #define HAVE_POLL_H 1
| #define HAVE_SYS_POLL_H 1
| #define HAVE_PWD_H 1
| #define HAVE_UTIME_H 1
| #define HAVE_SYS_PARAM_H 1
| #define HAVE_LIBINTL_H 1
| #define HAVE_LIBGEN_H 1
| #define HAVE_SYS_SYSINFO_H 1
| #define HAVE_WCHAR_H 1
| #define HAVE_WCTYPE_H 1
| #define HAVE_SYS_SYSCTL_H 1
| #define HAVE_STRINGS_H 1
| #define TIME_WITH_SYS_TIME 1
| #define HAVE_LIBTINFO 1
| #define TERMINFO 1
| #define TGETENT_ZERO_ERR 0
| #define HAVE_OSPEED 1
| #define HAVE_UP_BC_PC 1
| #define SYS_SELECT_WITH_SYS_TIME 1
| #define HAVE_SVR4_PTYS 1
| #define RETSIGTYPE void
| #define SIGRETURN return
| #define HAVE_SIGCONTEXT 1
| #define HAVE_BCMP 1
| #define HAVE_FCHDIR 1
| #define HAVE_FCHOWN 1
| #define HAVE_FSYNC 1
| #define HAVE_GETCWD 1
| #define HAVE_GETPWENT 1
| #define HAVE_GETPWNAM 1
| #define HAVE_GETPWUID 1
| #define HAVE_GETRLIMIT 1
| #define HAVE_GETTIMEOFDAY 1
| #define HAVE_GETWD 1
| #define HAVE_LSTAT 1
| #define HAVE_MEMCMP 1
| #define HAVE_MEMSET 1
| #define HAVE_MKDTEMP 1
| #define HAVE_NANOSLEEP 1
| #define HAVE_OPENDIR 1
| #define HAVE_PUTENV 1
| #define HAVE_QSORT 1
| #define HAVE_READLINK 1
| #define HAVE_SELECT 1
| #define HAVE_SETENV 1
| #define HAVE_SETPGID 1
| #define HAVE_SETSID 1
| #define HAVE_SIGALTSTACK 1
| #define HAVE_SIGSTACK 1
| #define HAVE_SIGSET 1
| #define HAVE_SIGACTION 1
| #define HAVE_SIGVEC 1
| #define HAVE_STRCASECMP 1
| #define HAVE_STRERROR 1
| #define HAVE_STRFTIME 1
| #define HAVE_STRNCASECMP 1
| #define HAVE_STRPBRK 1
| #define HAVE_STRTOL 1
| #define HAVE_TGETENT 1
| #define HAVE_TOWLOWER 1
| #define HAVE_TOWUPPER 1
| #define HAVE_ISWUPPER 1
| #define HAVE_USLEEP 1
| #define HAVE_UTIME 1
| #define HAVE_UTIMES 1
| #define HAVE_FSEEKO 1
| #define _FILE_OFFSET_BITS 64
| #define HAVE_ST_BLKSIZE 1
| #define HAVE_ICONV 1
| #define HAVE_NL_LANGINFO_CODESET 1
| #define HAVE_LIBM 1
| #define HAVE_FLOAT_FUNCS 1
| #define HAVE_FD_CLOEXEC 1
| #define HAVE_RENAME 1
| /* end confdefs.h.  */
| #include <sys/types.h>
| #include <sys/sysctl.h>
| int
| main ()
| {
| 	int mib[2], r;
| 	size_t len;
| 
| 	mib[0] = CTL_HW;
| 	mib[1] = HW_USERMEM;
| 	len = sizeof(r);
| 	(void)sysctl(mib, 2, &r, &len, (void *)0, (size_t)0);
| 
|   ;
|   return 0;
| }
configure:11631: result: not usable
configure:11636: checking for sysinfo
configure:11655: gcc -c -g -O2  -I/usr/local/include conftest.c >&5
configure:11655: $? = 0
configure:11656: result: yes
configure:11665: checking for sysinfo.mem_unit
configure:11681: gcc -c -g -O2  -I/usr/local/include conftest.c >&5
configure:11681: $? = 0
configure:11682: result: yes
configure:11691: checking for sysconf
configure:11706: gcc -c -g -O2  -I/usr/local/include conftest.c >&5
configure:11706: $? = 0
configure:11707: result: yes
configure:11720: checking size of int
configure:11740: result: 4
configure:11754: checking size of long
configure:11774: result: 4
configure:11788: checking size of time_t
configure:11808: result: 4
configure:11822: checking size of off_t
configure:11842: result: 8
configure:11853: checking uint32_t is 32 bits
configure:11875: gcc -o conftest -g -O2  -I/usr/local/include  -L/usr/local/lib conftest.c -lm -ltinfo -lnsl   >&5
conftest.c: In function 'main':
conftest.c:137:69: warning: incompatible implicit declaration of built-in function 'exit' [enabled by default]
configure:11875: $? = 0
configure:11875: ./conftest
configure:11875: $? = 0
configure:11876: result: ok
configure:11909: checking whether memmove handles overlaps
configure:11939: result: yes
configure:12084: checking for _xpg4_setrunelocale in -lxpg4
configure:12118: result: no
configure:12125: checking how to create tags
auto/configure: line 12128: ctags: command not found
auto/configure: line 12130: exctags: command not found
auto/configure: line 12132: exuberant-ctags: command not found
auto/configure: line 12136: etags: command not found
auto/configure: line 12137: etags: command not found
auto/configure: line 12138: ctags: command not found
auto/configure: line 12139: ctags: command not found
auto/configure: line 12140: ctags: command not found
auto/configure: line 12141: ctags: command not found
auto/configure: line 12142: ctags: command not found
configure:12145: result: ctags
configure:12148: checking how to run man with a section nr
auto/configure: line 12151: man: command not found
configure:12152: result: man
configure:12159: checking --disable-nls argument
configure:12170: result: no
configure:12180: checking for msgfmt
configure:12210: result: no
configure:12215: checking for NLS
configure:12262: result: msgfmt not found - disabled
configure:12315: checking for dlfcn.h
configure:12315: result: yes
configure:12332: checking for dlopen()
configure:12348: gcc -o conftest -g -O2  -I/usr/local/include  -L/usr/local/lib conftest.c -lm -ltinfo -lnsl   >&5
/tmp/ccotvqdE.o: In function `main':
/home/alex/vim/src/conftest.c:135: undefined reference to `dlopen'
collect2: ld returned 1 exit status
configure:12348: $? = 1
configure: failed program was:
| /* confdefs.h */
| #define PACKAGE_NAME ""
| #define PACKAGE_TARNAME ""
| #define PACKAGE_VERSION ""
| #define PACKAGE_STRING ""
| #define PACKAGE_BUGREPORT ""
| #define PACKAGE_URL ""
| #define UNIX 1
| #define STDC_HEADERS 1
| #define HAVE_SYS_WAIT_H 1
| #define FEAT_HUGE 1
| #define USE_XSMP_INTERACT 1
| #define FEAT_PYTHON 1
| #define FEAT_CSCOPE 1
| #define HAVE_LIBNSL 1
| #define FEAT_NETBEANS_INTG 1
| #define X_DISPLAY_MISSING 1
| #define HAVE_DATE_TIME 1
| #define HAVE_ATTRIBUTE_UNUSED 1
| #define HAVE_DIRENT_H 1
| #define HAVE_STDARG_H 1
| #define HAVE_STDINT_H 1
| #define HAVE_STDLIB_H 1
| #define HAVE_STRING_H 1
| #define HAVE_SYS_SELECT_H 1
| #define HAVE_SYS_UTSNAME_H 1
| #define HAVE_TERMCAP_H 1
| #define HAVE_FCNTL_H 1
| #define HAVE_SGTTY_H 1
| #define HAVE_SYS_IOCTL_H 1
| #define HAVE_SYS_TIME_H 1
| #define HAVE_SYS_TYPES_H 1
| #define HAVE_TERMIO_H 1
| #define HAVE_ICONV_H 1
| #define HAVE_INTTYPES_H 1
| #define HAVE_LANGINFO_H 1
| #define HAVE_MATH_H 1
| #define HAVE_UNISTD_H 1
| #define HAVE_STROPTS_H 1
| #define HAVE_ERRNO_H 1
| #define HAVE_SYS_RESOURCE_H 1
| #define HAVE_LOCALE_H 1
| #define HAVE_TERMIOS_H 1
| #define HAVE_SYS_STATFS_H 1
| #define HAVE_POLL_H 1
| #define HAVE_SYS_POLL_H 1
| #define HAVE_PWD_H 1
| #define HAVE_UTIME_H 1
| #define HAVE_SYS_PARAM_H 1
| #define HAVE_LIBINTL_H 1
| #define HAVE_LIBGEN_H 1
| #define HAVE_SYS_SYSINFO_H 1
| #define HAVE_WCHAR_H 1
| #define HAVE_WCTYPE_H 1
| #define HAVE_SYS_SYSCTL_H 1
| #define HAVE_STRINGS_H 1
| #define TIME_WITH_SYS_TIME 1
| #define HAVE_LIBTINFO 1
| #define TERMINFO 1
| #define TGETENT_ZERO_ERR 0
| #define HAVE_OSPEED 1
| #define HAVE_UP_BC_PC 1
| #define SYS_SELECT_WITH_SYS_TIME 1
| #define HAVE_SVR4_PTYS 1
| #define RETSIGTYPE void
| #define SIGRETURN return
| #define HAVE_SIGCONTEXT 1
| #define HAVE_BCMP 1
| #define HAVE_FCHDIR 1
| #define HAVE_FCHOWN 1
| #define HAVE_FSYNC 1
| #define HAVE_GETCWD 1
| #define HAVE_GETPWENT 1
| #define HAVE_GETPWNAM 1
| #define HAVE_GETPWUID 1
| #define HAVE_GETRLIMIT 1
| #define HAVE_GETTIMEOFDAY 1
| #define HAVE_GETWD 1
| #define HAVE_LSTAT 1
| #define HAVE_MEMCMP 1
| #define HAVE_MEMSET 1
| #define HAVE_MKDTEMP 1
| #define HAVE_NANOSLEEP 1
| #define HAVE_OPENDIR 1
| #define HAVE_PUTENV 1
| #define HAVE_QSORT 1
| #define HAVE_READLINK 1
| #define HAVE_SELECT 1
| #define HAVE_SETENV 1
| #define HAVE_SETPGID 1
| #define HAVE_SETSID 1
| #define HAVE_SIGALTSTACK 1
| #define HAVE_SIGSTACK 1
| #define HAVE_SIGSET 1
| #define HAVE_SIGACTION 1
| #define HAVE_SIGVEC 1
| #define HAVE_STRCASECMP 1
| #define HAVE_STRERROR 1
| #define HAVE_STRFTIME 1
| #define HAVE_STRNCASECMP 1
| #define HAVE_STRPBRK 1
| #define HAVE_STRTOL 1
| #define HAVE_TGETENT 1
| #define HAVE_TOWLOWER 1
| #define HAVE_TOWUPPER 1
| #define HAVE_ISWUPPER 1
| #define HAVE_USLEEP 1
| #define HAVE_UTIME 1
| #define HAVE_UTIMES 1
| #define HAVE_FSEEKO 1
| #define _FILE_OFFSET_BITS 64
| #define HAVE_ST_BLKSIZE 1
| #define HAVE_ICONV 1
| #define HAVE_NL_LANGINFO_CODESET 1
| #define HAVE_LIBM 1
| #define HAVE_FLOAT_FUNCS 1
| #define HAVE_FD_CLOEXEC 1
| #define HAVE_RENAME 1
| #define HAVE_SYSINFO 1
| #define HAVE_SYSINFO_MEM_UNIT 1
| #define HAVE_SYSCONF 1
| #define SIZEOF_INT 4
| #define SIZEOF_LONG 4
| #define SIZEOF_TIME_T 4
| #define SIZEOF_OFF_T 8
| #define USEMEMMOVE 1
| #define HAVE_DLFCN_H 1
| /* end confdefs.h.  */
| 
| int
| main ()
| {
| 
| 		extern void* dlopen();
| 		dlopen();
| 
|   ;
|   return 0;
| }
configure:12355: result: no
configure:12357: checking for dlopen() in -ldl
configure:12375: gcc -o conftest -g -O2  -I/usr/local/include  -L/usr/local/lib conftest.c -lm -ltinfo -lnsl   -ldl >&5
configure:12375: $? = 0
configure:12376: result: yes
configure:12391: checking for dlsym()
configure:12407: gcc -o conftest -g -O2  -I/usr/local/include  -L/usr/local/lib conftest.c -lm -ltinfo -lnsl   -ldl >&5
configure:12407: $? = 0
configure:12408: result: yes
configure:12516: checking for setjmp.h
configure:12516: result: yes
configure:12552: checking for GCC 3 or later
configure:12557: result: yes
configure:12563: checking whether we need -D_FORTIFY_SOURCE=1
configure:12567: result: yes
configure:12576: checking linker --as-needed support
configure:12585: result: yes
configure:12703: creating auto/config.status

## ---------------------- ##
## Running config.status. ##
## ---------------------- ##

This file was extended by config.status, which was
generated by GNU Autoconf 2.65.  Invocation command line was

  CONFIG_FILES    = 
  CONFIG_HEADERS  = 
  CONFIG_LINKS    = 
  CONFIG_COMMANDS = 
  $ auto/config.status 

on netdiag

config.status:1013: creating auto/config.mk
config.status:1013: creating auto/config.h

## ---------------- ##
## Cache variables. ##
## ---------------- ##

ac_cv_c_bigendian=no
ac_cv_c_compiler_gnu=yes
ac_cv_c_const=yes
ac_cv_c_uint32_t=yes
ac_cv_c_volatile=yes
ac_cv_env_CC_set=
ac_cv_env_CC_value=
ac_cv_env_CFLAGS_set=
ac_cv_env_CFLAGS_value=
ac_cv_env_CPPFLAGS_set=
ac_cv_env_CPPFLAGS_value=
ac_cv_env_CPP_set=
ac_cv_env_CPP_value=
ac_cv_env_LDFLAGS_set=
ac_cv_env_LDFLAGS_value=
ac_cv_env_LIBS_set=
ac_cv_env_LIBS_value=
ac_cv_env_XMKMF_set=
ac_cv_env_XMKMF_value=
ac_cv_env_build_alias_set=
ac_cv_env_build_alias_value=
ac_cv_env_host_alias_set=
ac_cv_env_host_alias_value=
ac_cv_env_target_alias_set=
ac_cv_env_target_alias_value=
ac_cv_func_bcmp=yes
ac_cv_func_fchdir=yes
ac_cv_func_fchown=yes
ac_cv_func_fsync=yes
ac_cv_func_getcwd=yes
ac_cv_func_getpseudotty=no
ac_cv_func_getpwent=yes
ac_cv_func_getpwnam=yes
ac_cv_func_getpwuid=yes
ac_cv_func_getrlimit=yes
ac_cv_func_gettimeofday=yes
ac_cv_func_getwd=yes
ac_cv_func_iswupper=yes
ac_cv_func_lstat=yes
ac_cv_func_memcmp=yes
ac_cv_func_memset=yes
ac_cv_func_mkdtemp=yes
ac_cv_func_nanosleep=yes
ac_cv_func_opendir=yes
ac_cv_func_putenv=yes
ac_cv_func_qsort=yes
ac_cv_func_readlink=yes
ac_cv_func_select=yes
ac_cv_func_setenv=yes
ac_cv_func_setpgid=yes
ac_cv_func_setsid=yes
ac_cv_func_sigaction=yes
ac_cv_func_sigaltstack=yes
ac_cv_func_sigset=yes
ac_cv_func_sigsetjmp=no
ac_cv_func_sigstack=yes
ac_cv_func_sigvec=yes
ac_cv_func_strcasecmp=yes
ac_cv_func_strerror=yes
ac_cv_func_strftime=yes
ac_cv_func_stricmp=no
ac_cv_func_strncasecmp=yes
ac_cv_func_strnicmp=no
ac_cv_func_strpbrk=yes
ac_cv_func_strtol=yes
ac_cv_func_tgetent=yes
ac_cv_func_towlower=yes
ac_cv_func_towupper=yes
ac_cv_func_usleep=yes
ac_cv_func_utime=yes
ac_cv_func_utimes=yes
ac_cv_have_x=have_x=no
ac_cv_header_X11_SM_SMlib_h=no
ac_cv_header_dirent_dirent_h=yes
ac_cv_header_dlfcn_h=yes
ac_cv_header_elf_h=yes
ac_cv_header_errno_h=yes
ac_cv_header_fcntl_h=yes
ac_cv_header_frame_h=no
ac_cv_header_iconv_h=yes
ac_cv_header_inttypes_h=yes
ac_cv_header_langinfo_h=yes
ac_cv_header_libc_h=no
ac_cv_header_libgen_h=yes
ac_cv_header_libintl_h=yes
ac_cv_header_locale_h=yes
ac_cv_header_math_h=yes
ac_cv_header_poll_h=yes
ac_cv_header_pwd_h=yes
ac_cv_header_setjmp_h=yes
ac_cv_header_sgtty_h=yes
ac_cv_header_stdarg_h=yes
ac_cv_header_stdc=yes
ac_cv_header_stdint_h=yes
ac_cv_header_stdlib_h=yes
ac_cv_header_string_h=yes
ac_cv_header_strings_h=yes
ac_cv_header_stropts_h=yes
ac_cv_header_sys_access_h=no
ac_cv_header_sys_acl_h=no
ac_cv_header_sys_ioctl_h=yes
ac_cv_header_sys_param_h=yes
ac_cv_header_sys_poll_h=yes
ac_cv_header_sys_ptem_h=no
ac_cv_header_sys_resource_h=yes
ac_cv_header_sys_select_h=yes
ac_cv_header_sys_statfs_h=yes
ac_cv_header_sys_stream_h=no
ac_cv_header_sys_sysctl_h=yes
ac_cv_header_sys_sysinfo_h=yes
ac_cv_header_sys_systeminfo_h=no
ac_cv_header_sys_time_h=yes
ac_cv_header_sys_types_h=yes
ac_cv_header_sys_utsname_h=yes
ac_cv_header_sys_wait_h=yes
ac_cv_header_termcap_h=yes
ac_cv_header_termio_h=yes
ac_cv_header_termios_h=yes
ac_cv_header_time=yes
ac_cv_header_unistd_h=yes
ac_cv_header_util_debug_h=no
ac_cv_header_util_msg18n_h=no
ac_cv_header_utime_h=yes
ac_cv_header_wchar_h=yes
ac_cv_header_wctype_h=yes
ac_cv_lib_acl_acl_get_file=no
ac_cv_lib_elf_main=no
ac_cv_lib_m_strtod=yes
ac_cv_lib_nsl_gethostbyname=yes
ac_cv_lib_posix1e_acl_get_file=no
ac_cv_lib_sec_acl_get=no
ac_cv_lib_selinux_is_selinux_enabled=no
ac_cv_lib_socket_socket=no
ac_cv_lib_tinfo___tgetent=yes
ac_cv_lib_xpg4__xpg4_setrunelocale=no
ac_cv_objext=o
ac_cv_path_EGREP='/bin/grep -E'
ac_cv_path_GREP=/bin/grep
ac_cv_path_vi_cv_path_perl=/usr/bin/perl
ac_cv_path_vi_cv_path_python=/usr/bin/python
ac_cv_path_vi_cv_path_ruby=/usr/bin/ruby
ac_cv_prog_AWK=mawk
ac_cv_prog_CPP='gcc -E'
ac_cv_prog_STRIP=strip
ac_cv_prog_ac_ct_CC=gcc
ac_cv_prog_cc_c89=
ac_cv_prog_cc_g=yes
ac_cv_prog_gcc_traditional=no
ac_cv_prog_make_make_set=no
ac_cv_search_opendir='none required'
ac_cv_search_strerror='none required'
ac_cv_sizeof_int=4
ac_cv_sizeof_long=4
ac_cv_sizeof_off_t=8
ac_cv_sizeof_time_t=4
ac_cv_sys_file_offset_bits=64
ac_cv_sys_largefile_CC=no
ac_cv_sys_largefile_source=no
ac_cv_type_dev_t=yes
ac_cv_type_ino_t=yes
ac_cv_type_mode_t=yes
ac_cv_type_off_t=yes
ac_cv_type_pid_t=yes
ac_cv_type_rlim_t=yes
ac_cv_type_signal=void
ac_cv_type_size_t=yes
ac_cv_type_stack_t=yes
ac_cv_type_uid_t=yes
cf_cv_ebcdic=no
vi_cv_have_gpm=no
vi_cv_have_sysmouse=no
vi_cv_path_perl=/usr/bin/perl
vi_cv_path_python=/usr/bin/python
vi_cv_path_python_conf=/usr/lib/python2.7/config
vi_cv_path_python_epfx=/usr
vi_cv_path_python_pfx=/usr
vi_cv_path_python_plibs='-L/usr/lib/python2.7/config -lpython2.7'
vi_cv_path_pythonpath=:/usr/local/lib/python2.7/dist-packages/pip-1.0-py2.7.egg:/usr/lib/python2.7:/usr/lib/python2.7/plat-linux2:/usr/lib/python2.7/lib-tk:/usr/lib/python2.7/lib-old:/usr/lib/python2.7/lib-dynload:/usr/local/lib/python2.7/dist-packages:/usr/lib/python2.7/dist-packages
vi_cv_path_ruby=/usr/bin/ruby
vi_cv_perllib=/usr/share/perl/5.14
vi_cv_var_python_version=2.7
vim_cv_getcwd_broken=no
vim_cv_memmove_handles_overlap=yes
vim_cv_stat_ignores_slash=no
vim_cv_terminfo=yes
vim_cv_tgent=zero
vim_cv_toupper_broken=no
vim_cv_tty_group=world

## ----------------- ##
## Output variables. ##
## ----------------- ##

AWK='mawk'
CC='gcc'
CFLAGS='-g -O2 -U_FORTIFY_SOURCE -D_FORTIFY_SOURCE=1'
CPP='gcc -E'
CPPFLAGS=' -I/usr/local/include'
CPP_MM='M'
DEFS='-DHAVE_CONFIG_H'
DEPEND_CFLAGS_FILTER='| sed '\''s+-I */+-isystem /+g'\'''
ECHO_C=''
ECHO_N='-n'
ECHO_T=''
EGREP='/bin/grep -E'
EXEEXT=''
EXNAME='ex'
GNOME_INCLUDEDIR=''
GNOME_LIBDIR=''
GNOME_LIBS=''
GREP='/bin/grep'
GTK_CFLAGS=''
GTK_LIBNAME=''
GTK_LIBS=''
GUITYPE='NONE'
GUI_INC_LOC=''
GUI_LIB_LOC=''
GUI_X_LIBS=''
HANGULIN_OBJ=''
HANGULIN_SRC=''
INSTALL_LANGS='install-languages'
INSTALL_TOOL_LANGS='install-tool-languages'
LDFLAGS=' -L/usr/local/lib -Wl,--as-needed'
LIBOBJS=''
LIBS='-lm -ltinfo -lnsl   -ldl'
LINK_AS_NEEDED='yes'
LTLIBOBJS=''
LUA_CFLAGS=''
LUA_LIBS=''
LUA_OBJ=''
LUA_PRO=''
LUA_SRC=''
MAKEMO=''
MOTIF_LIBNAME=''
MSGFMT=''
MZSCHEME_CFLAGS=''
MZSCHEME_EXTRA=''
MZSCHEME_LIBS=''
MZSCHEME_MZC=''
MZSCHEME_OBJ=''
MZSCHEME_PRO=''
MZSCHEME_SRC=''
NARROW_PROTO=''
NETBEANS_OBJ='objects/netbeans.o'
NETBEANS_SRC='netbeans.c'
OBJEXT='o'
OS_EXTRA_OBJ=''
OS_EXTRA_SRC=''
PACKAGE_BUGREPORT=''
PACKAGE_NAME=''
PACKAGE_STRING=''
PACKAGE_TARNAME=''
PACKAGE_URL=''
PACKAGE_VERSION=''
PATH_SEPARATOR=':'
PERL_CFLAGS=''
PERL_LIBS=''
PERL_OBJ=''
PERL_PRO=''
PERL_SRC=''
PKG_CONFIG=''
PYTHON3_CFLAGS=''
PYTHON3_CONFDIR=''
PYTHON3_LIBS=''
PYTHON3_OBJ=''
PYTHON3_SRC=''
PYTHON_CFLAGS='-I/usr/include/python2.7 -DPYTHON_HOME=\"/usr\" -pthread'
PYTHON_CONFDIR='/usr/lib/python2.7/config'
PYTHON_GETPATH_CFLAGS='-DPYTHONPATH='\''":/usr/local/lib/python2.7/dist-packages/pip-1.0-py2.7.egg:/usr/lib/python2.7:/usr/lib/python2.7/plat-linux2:/usr/lib/python2.7/lib-tk:/usr/lib/python2.7/lib-old:/usr/lib/python2.7/lib-dynload:/usr/local/lib/python2.7/dist-packages:/usr/lib/python2.7/dist-packages"'\'' -DPREFIX='\''"/usr"'\'' -DEXEC_PREFIX='\''"/usr"'\'''
PYTHON_LIBS='-L/usr/lib/python2.7/config -lpython2.7'
PYTHON_OBJ='objects/if_python.o'
PYTHON_SRC='if_python.c'
QUOTESED='sed -e '\''s/[\\"]/\\&/g'\'' -e '\''s/\\"/"/'\'' -e '\''s/\\";$$/";/'\'''
RUBY_CFLAGS=''
RUBY_LIBS=''
RUBY_OBJ=''
RUBY_PRO=''
RUBY_SRC=''
SET_MAKE='MAKE=make'
SHELL='/bin/bash'
SNIFF_OBJ=''
SNIFF_SRC=''
STRIP='strip'
TAGPRG='ctags'
TCL_CFLAGS=''
TCL_LIBS=''
TCL_OBJ=''
TCL_PRO=''
TCL_SRC=''
VIEWNAME='view'
VIMNAME='vim'
WORKSHOP_OBJ=''
WORKSHOP_SRC=''
XCODE_SELECT=''
XMKMF=''
X_CFLAGS=' '
X_EXTRA_LIBS=''
X_LIB=''
X_LIBS=' '
X_PRE_LIBS=''
ac_ct_CC='gcc'
bindir='${exec_prefix}/bin'
build_alias=''
compiledby=''
datadir='${datarootdir}'
datarootdir='${prefix}/share'
docdir='${datarootdir}/doc/${PACKAGE}'
dogvimdiff='installgvimdiff'
dovimdiff='installvimdiff'
dvidir='${docdir}'
exec_prefix='${prefix}'
host_alias=''
htmldir='${docdir}'
includedir='${prefix}/include'
infodir='${datarootdir}/info'
libdir='${exec_prefix}/lib'
libexecdir='${exec_prefix}/libexec'
line_break='"\\012"'
localedir='${datarootdir}/locale'
localstatedir='${prefix}/var'
mandir='${datarootdir}/man'
oldincludedir='/usr/include'
pdfdir='${docdir}'
prefix='/home/alex'
program_transform_name='s,x,x,'
psdir='${docdir}'
sbindir='${exec_prefix}/sbin'
sharedstatedir='${prefix}/com'
shrpenv=''
sysconfdir='${prefix}/etc'
target_alias=''
vi_cv_path_lua=''
vi_cv_path_mzscheme=''
vi_cv_path_perl='/usr/bin/perl'
vi_cv_path_python3=''
vi_cv_path_python='/usr/bin/python'
vi_cv_path_ruby='/usr/bin/ruby'
vi_cv_path_tcl=''
vi_cv_perllib='/usr/share/perl/5.14'
xmkmfpath=''

## ----------- ##
## confdefs.h. ##
## ----------- ##

/* confdefs.h */
#define PACKAGE_NAME ""
#define PACKAGE_TARNAME ""
#define PACKAGE_VERSION ""
#define PACKAGE_STRING ""
#define PACKAGE_BUGREPORT ""
#define PACKAGE_URL ""
#define UNIX 1
#define STDC_HEADERS 1
#define HAVE_SYS_WAIT_H 1
#define FEAT_HUGE 1
#define USE_XSMP_INTERACT 1
#define FEAT_PYTHON 1
#define FEAT_CSCOPE 1
#define HAVE_LIBNSL 1
#define FEAT_NETBEANS_INTG 1
#define X_DISPLAY_MISSING 1
#define HAVE_DATE_TIME 1
#define HAVE_ATTRIBUTE_UNUSED 1
#define HAVE_DIRENT_H 1
#define HAVE_STDARG_H 1
#define HAVE_STDINT_H 1
#define HAVE_STDLIB_H 1
#define HAVE_STRING_H 1
#define HAVE_SYS_SELECT_H 1
#define HAVE_SYS_UTSNAME_H 1
#define HAVE_TERMCAP_H 1
#define HAVE_FCNTL_H 1
#define HAVE_SGTTY_H 1
#define HAVE_SYS_IOCTL_H 1
#define HAVE_SYS_TIME_H 1
#define HAVE_SYS_TYPES_H 1
#define HAVE_TERMIO_H 1
#define HAVE_ICONV_H 1
#define HAVE_INTTYPES_H 1
#define HAVE_LANGINFO_H 1
#define HAVE_MATH_H 1
#define HAVE_UNISTD_H 1
#define HAVE_STROPTS_H 1
#define HAVE_ERRNO_H 1
#define HAVE_SYS_RESOURCE_H 1
#define HAVE_LOCALE_H 1
#define HAVE_TERMIOS_H 1
#define HAVE_SYS_STATFS_H 1
#define HAVE_POLL_H 1
#define HAVE_SYS_POLL_H 1
#define HAVE_PWD_H 1
#define HAVE_UTIME_H 1
#define HAVE_SYS_PARAM_H 1
#define HAVE_LIBINTL_H 1
#define HAVE_LIBGEN_H 1
#define HAVE_SYS_SYSINFO_H 1
#define HAVE_WCHAR_H 1
#define HAVE_WCTYPE_H 1
#define HAVE_SYS_SYSCTL_H 1
#define HAVE_STRINGS_H 1
#define TIME_WITH_SYS_TIME 1
#define HAVE_LIBTINFO 1
#define TERMINFO 1
#define TGETENT_ZERO_ERR 0
#define HAVE_OSPEED 1
#define HAVE_UP_BC_PC 1
#define SYS_SELECT_WITH_SYS_TIME 1
#define HAVE_SVR4_PTYS 1
#define RETSIGTYPE void
#define SIGRETURN return
#define HAVE_SIGCONTEXT 1
#define HAVE_BCMP 1
#define HAVE_FCHDIR 1
#define HAVE_FCHOWN 1
#define HAVE_FSYNC 1
#define HAVE_GETCWD 1
#define HAVE_GETPWENT 1
#define HAVE_GETPWNAM 1
#define HAVE_GETPWUID 1
#define HAVE_GETRLIMIT 1
#define HAVE_GETTIMEOFDAY 1
#define HAVE_GETWD 1
#define HAVE_LSTAT 1
#define HAVE_MEMCMP 1
#define HAVE_MEMSET 1
#define HAVE_MKDTEMP 1
#define HAVE_NANOSLEEP 1
#define HAVE_OPENDIR 1
#define HAVE_PUTENV 1
#define HAVE_QSORT 1
#define HAVE_READLINK 1
#define HAVE_SELECT 1
#define HAVE_SETENV 1
#define HAVE_SETPGID 1
#define HAVE_SETSID 1
#define HAVE_SIGALTSTACK 1
#define HAVE_SIGSTACK 1
#define HAVE_SIGSET 1
#define HAVE_SIGACTION 1
#define HAVE_SIGVEC 1
#define HAVE_STRCASECMP 1
#define HAVE_STRERROR 1
#define HAVE_STRFTIME 1
#define HAVE_STRNCASECMP 1
#define HAVE_STRPBRK 1
#define HAVE_STRTOL 1
#define HAVE_TGETENT 1
#define HAVE_TOWLOWER 1
#define HAVE_TOWUPPER 1
#define HAVE_ISWUPPER 1
#define HAVE_USLEEP 1
#define HAVE_UTIME 1
#define HAVE_UTIMES 1
#define HAVE_FSEEKO 1
#define _FILE_OFFSET_BITS 64
#define HAVE_ST_BLKSIZE 1
#define HAVE_ICONV 1
#define HAVE_NL_LANGINFO_CODESET 1
#define HAVE_LIBM 1
#define HAVE_FLOAT_FUNCS 1
#define HAVE_FD_CLOEXEC 1
#define HAVE_RENAME 1
#define HAVE_SYSINFO 1
#define HAVE_SYSINFO_MEM_UNIT 1
#define HAVE_SYSCONF 1
#define SIZEOF_INT 4
#define SIZEOF_LONG 4
#define SIZEOF_TIME_T 4
#define SIZEOF_OFF_T 8
#define USEMEMMOVE 1
#define HAVE_DLFCN_H 1
#define HAVE_DLOPEN 1
#define HAVE_DLSYM 1
#define HAVE_SETJMP_H 1

configure: exit 0
